Below is a JSON array of document chunks, each with an "index" and "text".

★ **Task:** Return the **index of the FIRST CHUNK that begins the NEXT major section / heading / chapter / topic.**
That is, imagine the window as `[current‑section … | next‑section …]`; your answer is the index where the divider `|` sits.
⚠️ Do **NOT** return the index of the last chunk in the current section.
⚠️ Do **NOT** return the number of chunks.

Prefer to group *more* chunks rather than splitting on minor transitions (page numbers, pictures, charts etc.).
• A heading‑like chunk (ALL‑CAPS line, "Chapter …", numbered title) **does not by itself mark a boundary**. Treat the heading and its immediate introductory paragraph(s) as one unit. Only mark a boundary when the following chunk clearly shifts topic.

[BEGIN_EXAMPLES]
Example 1:
[
  {"index": 1, "text": "Copyright"},
  {"index": 2, "text": "Table of Contents"},
  {"index": 3, "text": "Preface"},
  {"index": 4, "text": "Chapter 1: Getting Started"},
  {"index": 5, "text": "Chapter 1 content…"}
]
✔ Correct response: **4**  (chunk 4 is the first of Chapter 1)

Example 2:
[
  {"index": 1, "text": "Chapter 1: The Basics"},
  {"index": 2, "text": "More on chapter 1"},
  {"index": 3, "text": "Still more on chapter 1"},
  {"index": 4, "text": "Chapter 2: Advanced Topics"},
  {"index": 5, "text": "Content on chapter 2"}
]
✔ Correct response: **4**

Example 3:
[
  {"index": 1, "text": "Section 2.4: Analysis of Results"},
  {"index": 2, "text": "Detailed explanation of the experimental setup …"},
  {"index": 3, "text": "Figure 2‑7: Distribution of sample values"},
  {"index": 4, "text": "Continuation of analysis and discussion …"},
  {"index": 5, "text": "Section 2.5: Limitations"}
]
✔ Correct response: **5**  (chunk 5 is the first chunk of the next real section; the figure caption at chunk 3 does **not** define a boundary)

✖ Wrong response : **3** (that is figure not a boundary)

Counter‑example (#4):
[
  {"index": 1, "text": "Chapter 1 intro"},
  {"index": 2, "text": "Chapter 1 body"},
  {"index": 3, "text": "Chapter 1 summary"},
  {"index": 4, "text": "Chapter 2: Advanced"},
  {"index": 5, "text": "Chapter 2 body"}
]
✔ Correct response: **4**
✖ Wrong response : **3** (that is the last chunk of Chapter 1, NOT the first of Chapter 2)

Counter‑example (#5 – heading travels with intro):
[
  {"index": 1, "text": "CHAPTER 2: INTRODUCTION"},
  {"index": 2, "text": "This chapter covers the basics of …"},
  {"index": 3, "text": "More details on the basics …"},
  {"index": 4, "text": "CHAPTER 3: ADVANCED TOPICS"}
]
✔ Correct response: **4**
✖ Wrong response : **2** or **3** (heading + intro are one unit)
[END_EXAMPLES]

Now decide the boundary for the real data below. Respond with a single integer from **1** to **26** — no explanation, no extra text.

[BEGIN_CHUNKS]
[
  {
    "index": 1,
    "text": "(gdb) The memory the EIP register is pointing to can be examined by using the address stored in EIP. The debugger lets you reference registers directly, so $eip is equivalent to the value EIP contains at that moment. The value 077042707 in octal is the same as 0x00fc45c7 in hexadecimal, which is the same as 16532935 in base-10 decimal, which in turn is the same as 00000000111111000100010111000111 in binary. A number can also be prepended to the format of the examine command to examine multiple units at the target address. (gdb) x/2x $eip 0x8048384 <main+16>: 0x00fc45c7 0x83000000 (gdb) x/12x $eip 0x8048384 <main+16>: 0x00fc45c7 0x83000000 0x7e09fc7d 0xc713eb02 0x8048394 <main+32>: 0x84842404 0x01e80804 0x8dffffff 0x00fffc45 0x80483a4 <main+48>: 0xc3c9e5eb 0x90909090 0x90909090 0x5de58955 (gdb) The default size of a single unit is a four-byte unit called a word. The size of the display units for the examine command can be changed by adding a size letter to the end of the format letter. The valid size letters are as follows: b A single byte h A halfword, which is two bytes in size w A word, which is four bytes in size g A giant, which is eight bytes in size 28 0x200 This is slightly confusing, because sometimes the term word also refers to 2-byte values. In this case a double word or DWORD refers to a 4-byte value. In this book, words and DWORDs both refer to 4-byte values. If I’m talking about a 2-byte value, I’ll call it a short or a halfword. The following GDB output shows memory displayed in various sizes. (gdb) x/8xb $eip 0x8048384 <main+16>: 0xc7 0x45 0xfc 0x00 0x00 0x00 0x00 0x83 (gdb) x/8xh $eip 0x8048384 <main+16>: 0x45c7 0x00fc 0x0000 0x8300 0xfc7d 0x7e09 0xeb02 0xc713 (gdb) x/8xw $eip 0x8048384 <main+16>: 0x00fc45c7 0x83000000 0x7e09fc7d 0xc713eb02 0x8048394 <main+32>: 0x84842404 0x01e80804 0x8dffffff 0x00fffc45 (gdb) If you look closely, you may notice something odd about the data above. The first examine command shows the first eight bytes, and naturally, the examine commands that use bigger units display more data in total. However, the first examine shows the first two bytes to be 0xc7 and 0x45, but when a halfword is examined at the exact same memory address, the value 0x45c7 is shown, with the bytes reversed. This same byte-reversal effect can be seen when a full four-byte word is shown as 0x00fc45c7, but when the first four bytes are shown byte by byte, they are in the order of 0xc7, 0x45, 0xfc, and 0x00. This is because on the x86 processor values are stored in little-endian byteorder, which means the least significant byte is stored first. For example, iffour bytes are to be interpreted as a single value, the bytes must be used inreverse order. The GDB debugger is smart enough to know how values are stored, so when a word or halfword is examined, the bytes must be reversed to display the correct values in hexadecimal. Revisiting these values displayed both as hexadecimal and unsigned decimals might help clear up any confusion. (gdb) x/4xb $eip 0x8048384 <main+16>: 0xc7 0x45 0xfc 0x00 (gdb) x/4ub $eip 0x8048384 <main+16>: 199 69 252 0 (gdb) x/1xw $eip 0x8048384 <main+16>: 0x00fc45c7 (gdb) x/1uw $eip 0x8048384 <main+16>: 16532935 (gdb) quit The program is running. Exit anyway?"
  },
  {
    "index": 2,
    "text": "be used inreverse order. The GDB debugger is smart enough to know how values are stored, so when a word or halfword is examined, the bytes must be reversed to display the correct values in hexadecimal. Revisiting these values displayed both as hexadecimal and unsigned decimals might help clear up any confusion. (gdb) x/4xb $eip 0x8048384 <main+16>: 0xc7 0x45 0xfc 0x00 (gdb) x/4ub $eip 0x8048384 <main+16>: 199 69 252 0 (gdb) x/1xw $eip 0x8048384 <main+16>: 0x00fc45c7 (gdb) x/1uw $eip 0x8048384 <main+16>: 16532935 (gdb) quit The program is running. Exit anyway? (y or n) y reader@hacking:~/booksrc $ bc -ql 199*(256^3) + 69*(256^2) + 252*(256^1) + 0*(256^0) 3343252480 0*(256^3) + 252*(256^2) + 69*(256^1) + 199*(256^0) 16532935 quit reader@hacking:~/booksrc $ Programming 29 The first four bytes are shown both in hexadecimal and standard unsigned decimal notation. A command-line calculator program called bc is used to show that if the bytes are interpreted in the incorrect order, a horribly incorrect value of 3343252480 is the result. The byte order of a given architecture is an important detail to be aware of. While most debugging tools and compilers will take care of the details of byte order automatically, eventually you will directly manipulate memory by yourself. In addition to converting byte order, GDB can do other conversions with the examine command. We’ve already seen that GDB can disassemble machine language instructions into human-readable assembly instructions. The examine command also accepts the format letter i, short for instruction, to display the memory as disassembled assembly language instructions. reader@hacking:~/booksrc $ gdb -q ./a.out Using host libthread_db library \"/lib/tls/i686/cmov/libthread_db.so.1\". (gdb) break main Breakpoint 1 at 0x8048384: file firstprog.c, line 6. (gdb) run Starting program: /home/reader/booksrc/a.out Breakpoint 1, main () at firstprog.c:6 6 for(i=0; i < 10; i++) (gdb) i r $eip eip 0x8048384 0x8048384 <main+16> (gdb) x/i $eip 0x8048384 <main+16>: mov DWORD PTR [ebp-4],0x0 (gdb) x/3i $eip 0x8048384 <main+16>: mov DWORD PTR [ebp-4],0x0 0x804838b <main+23>: cmp DWORD PTR [ebp-4],0x9 0x804838f <main+27>: jle 0x8048393 <main+31> (gdb) x/7xb $eip 0x8048384 <main+16>: 0xc7 0x45 0xfc 0x00 0x00 0x00 0x00 (gdb) x/i $eip 0x8048384 <main+16>: mov DWORD PTR [ebp-4],0x0 (gdb) In the output above, the a.out program is run in GDB, with a breakpoint set at main(). Since the EIP register is pointing to memory that actually contains machine language instructions, they disassemble quite nicely. The previous objdump disassembly confirms that the seven bytes EIP is pointing to actually are machine language for the corresponding assembly instruction. 8048384: c7 45 fc 00 00 00 00 mov DWORD PTR [ebp-4],0x0 This assembly instruction will move the value of 0 into memory located at the address stored in the EBP register, minus 4. This is where the C variable i is stored in memory; i was declared as an integer that uses 4 bytes of memory on the x86 processor. Basically, this command will zero out the 30 0x200 variable i for the for loop. If that memory is examined right now, it will contain nothing but random garbage. The memory at this location can be examined several different ways."
  },
  {
    "index": 3,
    "text": "[ebp-4],0x0 This assembly instruction will move the value of 0 into memory located at the address stored in the EBP register, minus 4. This is where the C variable i is stored in memory; i was declared as an integer that uses 4 bytes of memory on the x86 processor. Basically, this command will zero out the 30 0x200 variable i for the for loop. If that memory is examined right now, it will contain nothing but random garbage. The memory at this location can be examined several different ways. (gdb) i r ebp ebp 0xbffff808 0xbffff808 (gdb) x/4xb $ebp - 4 0xbffff804: 0xc0 0x83 0x04 0x08 (gdb) x/4xb 0xbffff804 0xbffff804: 0xc0 0x83 0x04 0x08 (gdb) print $ebp - 4 $1 = (void *) 0xbffff804 (gdb) x/4xb $1 0xbffff804: 0xc0 0x83 0x04 0x08 (gdb) x/xw $1 0xbffff804: 0x080483c0 (gdb) The EBP register is shown to contain the address 0xbffff808, and the assembly instruction will be writing to a value offset by 4 less than that, 0xbffff804. The examine command can examine this memory address directly or by doing the math on the fly. The print command can also be used to do simple math, but the result is stored in a temporary variable in the debugger. This variable named $1 can be used later to quickly re-access aparticular location in memory. Any of the methods shown above will accomplish the same task: displaying the 4 garbage bytes found in memory that will be zeroed out when the current instruction executes. Let’s execute the current instruction using the command nexti, which is short for next instruction. The processor will read the instruction at EIP, execute it, and advance EIP to the next instruction. (gdb) nexti 0x0804838b 6 for(i=0; i < 10; i++) (gdb) x/4xb $1 0xbffff804: 0x00 0x00 0x00 0x00 (gdb) x/dw $1 0xbffff804: 0 (gdb) i r eip eip 0x804838b 0x804838b <main+23> (gdb) x/i $eip 0x804838b <main+23>: cmp DWORD PTR [ebp-4],0x9 (gdb) As predicted, the previous command zeroes out the 4 bytes found at EBP minus 4, which is memory set aside for the C variable i. Then EIP advances to the next instruction. The next few instructions actually make more sense to talk about in a group. Programming 31 (gdb) x/10i $eip 0x804838b <main+23>: cmp DWORD PTR [ebp-4],0x9 0x804838f <main+27>: jle 0x8048393 <main+31> 0x8048391 <main+29>: jmp 0x80483a6 <main+50> 0x8048393 <main+31>: mov DWORD PTR [esp],0x8048484 0x804839a <main+38>: call 0x80482a0 <printf@plt> 0x804839f <main+43>: lea eax,[ebp-4] 0x80483a2 <main+46>: inc DWORD PTR [eax] 0x80483a4 <main+48>: jmp 0x804838b <main+23> 0x80483a6 <main+50>: leave 0x80483a7 <main+51>: ret (gdb) The first instruction, cmp, is a compare instruction, which will compare the memory used by the C variable i with the value 9. The next instruction, jle stands for jump if less than or equal to. It uses the results of the previous comparison (which are actually stored in the EFLAGS register) to jump EIP to point to a different part of the code if the destination of the previous comparison operation is less than or equal to the source. In this case the instruction says to jump to the address 0x8048393 if the value stored in memory for the C variable i is less than or equal to the value 9."
  },
  {
    "index": 4,
    "text": "9. The next instruction, jle stands for jump if less than or equal to. It uses the results of the previous comparison (which are actually stored in the EFLAGS register) to jump EIP to point to a different part of the code if the destination of the previous comparison operation is less than or equal to the source. In this case the instruction says to jump to the address 0x8048393 if the value stored in memory for the C variable i is less than or equal to the value 9. If this isn’t the case, the EIP will continue to the next instruction, which is an unconditional jump instruction. This will cause the EIP to jump to the address 0x80483a6. These three instructions combine to create an if-then-else control structure: If the i is less than or equal to 9, then go to the instruction at address 0x8048393; otherwise, go to the instruction at address 0x80483a6. The first address of 0x8048393 (shown in bold) is simply the instruction found after the fixed jump instruction, and the second address of 0x80483a6 (shown in italics) is located at the end of the function. Since we know the value 0 is stored in the memory location being compared with the value 9, and we know that 0 is less than or equal to 9, EIP should be at 0x8048393 after executing the next two instructions. (gdb) nexti 0x0804838f 6 for(i=0; i < 10; i++) (gdb) x/i $eip 0x804838f <main+27>: jle 0x8048393 <main+31> (gdb) nexti 8 printf(\"Hello, world!\\n\"); (gdb) i r eip eip 0x8048393 0x8048393 <main+31> (gdb) x/2i $eip 0x8048393 <main+31>: mov DWORD PTR [esp],0x8048484 0x804839a <main+38>: call 0x80482a0 <printf@plt> (gdb) As expected, the previous two instructions let the program execution flow down to 0x8048393, which brings us to the next two instructions. The 32 0x200 first instruction is another mov instruction that will write the address 0x8048484 into the memory address contained in the ESP register. But what is ESP pointing to? (gdb) i r esp esp 0xbffff800 0xbffff800 (gdb) Currently, ESP points to the memory address 0xbffff800, so when the mov instruction is executed, the address 0x8048484 is written there. But why? What’s so special about the memory address 0x8048484? There’s one way to find out. (gdb) x/2xw 0x8048484 0x8048484: 0x6c6c6548 0x6f57206f (gdb) x/6xb 0x8048484 0x8048484: 0x48 0x65 0x6c 0x6c 0x6f 0x20 (gdb) x/6ub 0x8048484 0x8048484: 72 101 108 108 111 32 (gdb) A trained eye might notice something about the memory here, in particular the range of the bytes. After examining memory for long enough, these types of visual patterns become more apparent. These bytes fall within the printable ASCII range. ASCII is an agreed-upon standard that maps allthe characters on your keyboard (and some that aren’t) to fixed numbers. The bytes 0x48, 0x65, 0x6c, and 0x6f all correspond to letters in the alphabet on the ASCII table shown below. This table is found in the man page for ASCII, available on most Unix systems by typing man ascii."
  },
  {
    "index": 5,
    "text": "the memory here, in particular the range of the bytes. After examining memory for long enough, these types of visual patterns become more apparent. These bytes fall within the printable ASCII range. ASCII is an agreed-upon standard that maps allthe characters on your keyboard (and some that aren’t) to fixed numbers. The bytes 0x48, 0x65, 0x6c, and 0x6f all correspond to letters in the alphabet on the ASCII table shown below. This table is found in the man page for ASCII, available on most Unix systems by typing man ascii. ASCII Table Oct Dec Hex Char Oct Dec Hex Char ------------------------------------------------------------ 000 0 00 NUL '\\0' 100 64 40 @ 001 1 01 SOH 101 65 41 A 002 2 02 STX 102 66 42 B 003 3 03 ETX 103 67 43 C 004 4 04 EOT 104 68 44 D 005 5 05 ENQ 105 69 45 E 006 6 06 ACK 106 70 46 F 007 7 07 BEL '\\a' 107 71 47 G 010 8 08 BS '\\b' 110 72 48 H 011 9 09 HT '\\t' 111 73 49 I 012 10 0A LF '\\n' 112 74 4A J 013 11 0B VT '\\v' 113 75 4B K 014 12 0C FF '\\f' 114 76 4C L 015 13 0D CR '\\r' 115 77 4D M 016 14 0E SO 116 78 4E N 017 15 0F SI 117 79 4F O 020 16 10 DLE 120 80 50 P 021 17 11 DC1 121 81 51 Q Programming 33 022 18 12 DC2 122 82 52 R 023 19 13 DC3 123 83 53 S 024 20 14 DC4 124 84 54 T 025 21 15 NAK 125 85 55 U 026 22 16 SYN 126 86 56 V 027 23 17 ETB 127 87 57 W 030 24 18 CAN 130 88 58 X 031 25 19 EM 131 89 59 Y 032 26 1A SUB 132 90 5A Z 033 27 1B ESC 133 91 5B [ 034 28 1C FS 134 92 5C \\ '\\\\' 035 29 1D GS 135 93 5D ] 036 30 1E RS 136 94 5E ^ 037 31 1F US 137 95 5F _ 040 32 20 SPACE 140 96 60 ` 041 33 21 ! 141 97 61 a 042 34 22 \" 142 98 62 b 043 35 23 # 143 99 63 c 044 36 24 $ 144 100 64 d 045 37 25 % 145 101 65 e 046 38 26 & 146 102 66 f 047 39 27 ' 147 103 67 g 050 40 28 ( 150 104 68 h 051 41 29 ) 151 105 69 i 052 42 2A * 152 106 6A j 053 43 2B + 153 107 6B k 054 44 2C , 154 108 6C l 055 45 2D - 155 109 6D m 056 46 2E ."
  },
  {
    "index": 6,
    "text": "23 # 143 99 63 c 044 36 24 $ 144 100 64 d 045 37 25 % 145 101 65 e 046 38 26 & 146 102 66 f 047 39 27 ' 147 103 67 g 050 40 28 ( 150 104 68 h 051 41 29 ) 151 105 69 i 052 42 2A * 152 106 6A j 053 43 2B + 153 107 6B k 054 44 2C , 154 108 6C l 055 45 2D - 155 109 6D m 056 46 2E . 156 110 6E n 057 47 2F / 157 111 6F o 060 48 30 0 160 112 70 p 061 49 31 1 161 113 71 q 062 50 32 2 162 114 72 r 063 51 33 3 163 115 73 s 064 52 34 4 164 116 74 t 065 53 35 5 165 117 75 u 066 54 36 6 166 118 76 v 067 55 37 7 167 119 77 w 070 56 38 8 170 120 78 x 071 57 39 9 171 121 79 y 072 58 3A : 172 122 7A z 073 59 3B ; 173 123 7B { 074 60 3C < 174 124 7C | 075 61 3D = 175 125 7D } 076 62 3E > 176 126 7E ~ 077 63 3F ? 177 127 7F DEL Thankfully, GDB’s examine command also contains provisions for looking at this type of memory. The c format letter can be used to automatically look up a byte on the ASCII table, and the s format letter will display an entire string of character data. 34 0x200 (gdb) x/6cb 0x8048484 0x8048484: 72 'H' 101 'e' 108 'l' 108 'l' 111 'o' 32 ' ' (gdb) x/s 0x8048484 0x8048484: \"Hello, world!\\n\" (gdb) These commands reveal that the data string \"Hello, world!\\n\" is stored at memory address 0x8048484. This string is the argument for the printf() function, which indicates that moving the address of this string to the address stored in ESP (0x8048484) has something to do with this function. The following output shows the data string’s address being moved into the address ESP is pointing to. (gdb) x/2i $eip 0x8048393 <main+31>: mov DWORD PTR [esp],0x8048484 0x804839a <main+38>: call 0x80482a0 <printf@plt> (gdb) x/xw $esp 0xbffff800: 0xb8000ce0 (gdb) nexti 0x0804839a 8 printf(\"Hello, world!\\n\"); (gdb) x/xw $esp 0xbffff800: 0x08048484 (gdb) The next instruction is actually called the printf() function; it prints the data string. The previous instruction was setting up for the function call, and the results of the function call can be seen in the output below in bold. (gdb) x/i $eip 0x804839a <main+38>: call 0x80482a0 <printf@plt> (gdb) nexti Hello, world! 6 for(i=0; i < 10; i++) (gdb) Continuing to use GDB to debug, let’s examine the next two instructions. Once again, they make more sense to look at in a group. (gdb) x/2i $eip 0x804839f <main+43>: lea eax,[ebp-4] 0x80483a2 <main+46>: inc DWORD PTR [eax] (gdb) These two instructions basically just increment the variable i by 1. The lea instruction is an acronym for Load Effective Address, which will load the Programming 35 familiar address of EBP minus 4 into the EAX register. The execution of this instruction is shown below."
  },
  {
    "index": 7,
    "text": "6 for(i=0; i < 10; i++) (gdb) Continuing to use GDB to debug, let’s examine the next two instructions. Once again, they make more sense to look at in a group. (gdb) x/2i $eip 0x804839f <main+43>: lea eax,[ebp-4] 0x80483a2 <main+46>: inc DWORD PTR [eax] (gdb) These two instructions basically just increment the variable i by 1. The lea instruction is an acronym for Load Effective Address, which will load the Programming 35 familiar address of EBP minus 4 into the EAX register. The execution of this instruction is shown below. (gdb) x/i $eip 0x804839f <main+43>: lea eax,[ebp-4] (gdb) print $ebp - 4 $2 = (void *) 0xbffff804 (gdb) x/x $2 0xbffff804: 0x00000000 (gdb) i r eax eax 0xd 13 (gdb) nexti 0x080483a2 6 for(i=0; i < 10; i++) (gdb) i r eax eax 0xbffff804 -1073743868 (gdb) x/xw $eax 0xbffff804: 0x00000000 (gdb) x/dw $eax 0xbffff804: 0 (gdb) The following inc instruction will increment the value found at this address (now stored in the EAX register) by 1. The execution of this instruction is also shown below. (gdb) x/i $eip 0x80483a2 <main+46>: inc DWORD PTR [eax] (gdb) x/dw $eax 0xbffff804: 0 (gdb) nexti 0x080483a4 6 for(i=0; i < 10; i++) (gdb) x/dw $eax 0xbffff804: 1 (gdb) The end result is the value stored at the memory address EBP minus 4 (0xbffff804), incremented by 1. This behavior corresponds to a portion of C code in which the variable i is incremented in the for loop. The next instruction is an unconditional jump instruction. (gdb) x/i $eip 0x80483a4 <main+48>: jmp 0x804838b <main+23> (gdb) When this instruction is executed, it will send the program back to the instruction at address 0x804838b. It does this by simply setting EIP to that value. Looking at the full disassembly again, you should be able to tell which parts of the C code have been compiled into which machine instructions. 36 0x200"
  },
  {
    "index": 8,
    "text": "(gdb) disass main Dump of assembler code for function main: 0x08048374 <main+0>: push ebp 0x08048375 <main+1>: mov ebp,esp 0x08048377 <main+3>: sub esp,0x8 0x0804837a <main+6>: and esp,0xfffffff0 0x0804837d <main+9>: mov eax,0x0 0x08048382 <main+14>: sub esp,eax 0x08048384 <main+16>: mov DWORD PTR [ebp-4],0x0 0x0804838b <main+23>: cmp DWORD PTR [ebp-4],0x9 0x0804838f <main+27>: jle 0x8048393 <main+31> 0x08048391 <main+29>: jmp 0x80483a6 <main+50> 0x08048393 <main+31>: mov DWORD PTR [esp],0x8048484 0x0804839a <main+38>: call 0x80482a0 <printf@plt> 0x0804839f <main+43>: lea eax,[ebp-4] 0x080483a2 <main+46>: inc DWORD PTR [eax] 0x080483a4 <main+48>: jmp 0x804838b <main+23> 0x080483a6 <main+50>: leave 0x080483a7 <main+51>: ret End of assembler dump. (gdb) list 1 #include <stdio.h> 2 3 int main() 4 { 5 int i; 6 for(i=0; i < 10; i++) 7 { 8 printf(\"Hello, world!\\n\"); 9 } 10 } (gdb) The instructions shown in bold make up the for loop, and the instructions in italics are the printf() call found within the loop. The program execution will jump back to the compare instruction, continue to execute the printf() call, and increment the counter variable until it finally equals 10. At this point the conditional jle instruction won’t execute; instead, the instruction pointer will continue to the unconditional jump instruction, which exits the loop and ends the program. 0x260 Back to Basics Now that the idea of programming is less abstract, there are a few other important concepts to know about C. Assembly language and computer processors existed before higher-level programming languages, and many modern programming concepts have evolved through time. In the same way that knowing a little about Latin can greatly improve one’s understanding of Programming 37"
  },
  {
    "index": 9,
    "text": "the English language, knowledge of low-level programming concepts can assist the comprehension of higher-level ones. When continuing to the next section, remember that C code must be compiled into machine instructions before it can do anything. 0x261 Strings The value \"Hello, world!\\n\" passed to the printf() function in the previous program is a string—technically, a character array. In C, an array is simply a list of n elements of a specific data type. A 20-character array is simply 20 adjacent characters located in memory. Arrays are also referred to as buffers. The char_array.c program is an example of a character array. char_array.c #include <stdio.h> int main() { char str_a[20]; str_a[0] = 'H'; str_a[1] = 'e'; str_a[2] = 'l'; str_a[3] = 'l'; str_a[4] = 'o'; str_a[5] = ','; str_a[6] = ' '; str_a[7] = 'w'; str_a[8] = 'o'; str_a[9] = 'r'; str_a[10] = 'l'; str_a[11] = 'd'; str_a[12] = '!'; str_a[13] = '\\n'; str_a[14] = 0; printf(str_a); The GCC compiler can also be given the -o switch to define the output file to compile to. This switch is used below to compile the program into an executable binary called char_array. reader@hacking:~/booksrc $ gcc -o char_array char_array.c reader@hacking:~/booksrc $ ./char_array Hello, world! reader@hacking:~/booksrc $ In the preceding program, a 20-element character array is defined as str_a, and each element of the array is written to, one by one. Notice that the number begins at 0, as opposed to 1. Also notice that the last character is a 0. (This is also called a null byte.) The character array was defined, so 20 bytes are allocated for it, but only 12 of these bytes are actually used. The null byte 38 0x200 at the end is used as a delimiter character to tell any function that is dealing with the string to stop operations right there. The remaining extra bytes are just garbage and will be ignored. If a null byte is inserted in the fifth element of the character array, only the characters Hello would be printed by the printf() function. Since setting each character in a character array is painstaking and strings are used fairly often, a set of standard functions was created for string manipulation. For example, the strcpy() function will copy a string from a source to a destination, iterating through the source string and copying each byte to the destination (and stopping after it copies the null termination byte). The order of the function’s arguments is similar to Intel assembly syntax: destination first and then source. The char_array.c program can be rewritten using strcpy() to accomplish the same thing using the string library. The next version of the char_array program shown below includes string.h since it uses a string function. char_array2.c #include <stdio.h> #include <string.h> int main() { char str_a[20]; strcpy(str_a, \"Hello, world!\\n\"); printf(str_a); Let’s take a look at this program with GDB. In the output below, the compiled program is opened with GDB and breakpoints are set before, in, and after the strcpy() call shown in bold. The debugger will pause the program at each breakpoint, giving us a chance to examine registers and memory."
  },
  {
    "index": 10,
    "text": "the same thing using the string library. The next version of the char_array program shown below includes string.h since it uses a string function. char_array2.c #include <stdio.h> #include <string.h> int main() { char str_a[20]; strcpy(str_a, \"Hello, world!\\n\"); printf(str_a); Let’s take a look at this program with GDB. In the output below, the compiled program is opened with GDB and breakpoints are set before, in, and after the strcpy() call shown in bold. The debugger will pause the program at each breakpoint, giving us a chance to examine registers and memory. The strcpy() function’s code comes from a shared library, so the breakpoint in this function can’t actually be set until the program is executed. reader@hacking:~/booksrc $ gcc -g -o char_array2 char_array2.c reader@hacking:~/booksrc $ gdb -q ./char_array2 Using host libthread_db library \"/lib/tls/i686/cmov/libthread_db.so.1\". (gdb) list 1 #include <stdio.h> 2 #include <string.h> 3 4 int main() { 5 char str_a[20]; 6 7 strcpy(str_a, \"Hello, world!\\n\"); 8 printf(str_a); 9 } (gdb) break 6 Breakpoint 1 at 0x80483c4: file char_array2.c, line 6. (gdb) break strcpy Programming 39 Function \"strcpy\" not defined. Make breakpoint pending on future shared library load? (y or [n]) y Breakpoint 2 (strcpy) pending. (gdb) break 8 Breakpoint 3 at 0x80483d7: file char_array2.c, line 8. (gdb) When the program is run, the strcpy() breakpoint is resolved. At each breakpoint, we’re going to look at EIP and the instructions it points to. Notice that the memory location for EIP at the middle breakpoint is different. (gdb) run Starting program: /home/reader/booksrc/char_array2 Breakpoint 4 at 0xb7f076f4 Pending breakpoint \"strcpy\" resolved Breakpoint 1, main () at char_array2.c:7 7 strcpy(str_a, \"Hello, world!\\n\"); (gdb) i r eip eip 0x80483c4 0x80483c4 <main+16> (gdb) x/5i $eip 0x80483c4 <main+16>: mov DWORD PTR [esp+4],0x80484c4 0x80483cc <main+24>: lea eax,[ebp-40] 0x80483cf <main+27>: mov DWORD PTR [esp],eax 0x80483d2 <main+30>: call 0x80482c4 <strcpy@plt> 0x80483d7 <main+35>: lea eax,[ebp-40] (gdb) continue Continuing. Breakpoint 4, 0xb7f076f4 in strcpy () from /lib/tls/i686/cmov/libc.so.6 (gdb) i r eip eip 0xb7f076f4 0xb7f076f4 <strcpy+4> (gdb) x/5i $eip 0xb7f076f4 <strcpy+4>: mov esi,DWORD PTR [ebp+8] 0xb7f076f7 <strcpy+7>: mov eax,DWORD PTR [ebp+12] 0xb7f076fa <strcpy+10>: mov ecx,esi 0xb7f076fc <strcpy+12>: sub ecx,eax 0xb7f076fe <strcpy+14>: mov edx,eax (gdb) continue Continuing. Breakpoint 3, main () at char_array2.c:8 8 printf(str_a); (gdb) i r eip eip 0x80483d7 0x80483d7 <main+35> (gdb) x/5i $eip 0x80483d7 <main+35>: lea eax,[ebp-40] 0x80483da <main+38>: mov DWORD PTR [esp],eax 0x80483dd <main+41>: call 0x80482d4 <printf@plt> 0x80483e2 <main+46>: leave 0x80483e3 <main+47>: ret (gdb) 40 0x200"
  },
  {
    "index": 11,
    "text": "The address in EIP at the middle breakpoint is different because the code for the strcpy() function comes from a loaded library. In fact, the debugger shows EIP for the middle breakpoint in the strcpy() function, while EIP at the other two breakpoints is in the main() function. I’d like to point out that EIP is able to travel from the main code to the strcpy() code and back again. Each time a function is called, a record is kept on a data structure simply called the stack. The stack lets EIP return through long chains of function calls. In GDB, the bt command can be used to backtrace the stack. In the output below, the stack backtrace is shown at each breakpoint. (gdb) run The program being debugged has been started already. Start it from the beginning? (y or n) y Starting program: /home/reader/booksrc/char_array2 Error in re-setting breakpoint 4: Function \"strcpy\" not defined. Breakpoint 1, main () at char_array2.c:7 7 strcpy(str_a, \"Hello, world!\\n\"); (gdb) bt #0 main () at char_array2.c:7 (gdb) cont Continuing. Breakpoint 4, 0xb7f076f4 in strcpy () from /lib/tls/i686/cmov/libc.so.6 (gdb) bt #0 0xb7f076f4 in strcpy () from /lib/tls/i686/cmov/libc.so.6 #1 0x080483d7 in main () at char_array2.c:7 (gdb) cont Continuing. Breakpoint 3, main () at char_array2.c:8 8 printf(str_a); (gdb) bt #0 main () at char_array2.c:8 (gdb) At the middle breakpoint, the backtrace of the stack shows its record of the strcpy() call. Also, you may notice that the strcpy() function is at a slightly different address during the second run. This is due to an exploit protection method that is turned on by default in the Linux kernel since 2.6.11. We will talk about this protection in more detail later. 0x262 Signed, Unsigned, Long, and Short By default, numerical values in C are signed, which means they can be both negative and positive. In contrast, unsigned values don’t allow negative numbers. Since it’s all just memory in the end, all numerical values must be stored in binary, and unsigned values make the most sense in binary. A 32-bit unsigned integer can contain values from 0 (all binary 0s) to 4,294,967,295 (all binary 1s). A 32-bit signed integer is still just 32 bits, which means it can Programming 41 only be in one of 232 possible bit combinations. This allows 32-bit signed integers to range from −2,147,483,648 to 2,147,483,647. Essentially, one of the bits is a flag marking the value positive or negative. Positively signed values look the same as unsigned values, but negative numbers are stored differently using a method called two’s complement. Two’s complement represents negative numbers in a form suited for binary adders—when a negative value in two’s complement is added to a positive number of the same magnitude, the result will be 0. This is done by first writing the positive number in binary, then inverting all the bits, and finally adding 1. It sounds strange, but it works and allows negative numbers to be added in combination with positive numbers using simple binary adders. This can be explored quickly on a smaller scale using pcalc, a simple programmer’s calculator that displays results in decimal, hexadecimal, and binary formats. For simplicity’s sake, 8-bit numbers are used in this example."
  },
  {
    "index": 12,
    "text": "added to a positive number of the same magnitude, the result will be 0. This is done by first writing the positive number in binary, then inverting all the bits, and finally adding 1. It sounds strange, but it works and allows negative numbers to be added in combination with positive numbers using simple binary adders. This can be explored quickly on a smaller scale using pcalc, a simple programmer’s calculator that displays results in decimal, hexadecimal, and binary formats. For simplicity’s sake, 8-bit numbers are used in this example. reader@hacking:~/booksrc $ pcalc 0y01001001 73 0x49 0y1001001 reader@hacking:~/booksrc $ pcalc 0y10110110 + 1 183 0xb7 0y10110111 reader@hacking:~/booksrc $ pcalc 0y01001001 + 0y10110111 256 0x100 0y100000000 reader@hacking:~/booksrc $ First, the binary value 01001001 is shown to be positive 73. Then all the bits are flipped, and 1 is added to result in the two’s complement representation for negative 73, 10110111. When these two values are added together, the result of the original 8 bits is 0. The program pcalc shows the value 256 because it’s not aware that we’re only dealing with 8-bit values. In a binary adder, that carry bit would just be thrown away because the end of the variable’s memory would have been reached. This example might shed some light on how two’s complement works its magic. In C, variables can be declared as unsigned by simply prepending the keyword unsigned to the declaration. An unsigned integer would be declared with unsigned int. In addition, the size of numerical variables can be extended or shortened by adding the keywords long or short. The actual sizes will vary depending on the architecture the code is compiled for. The language of C provides a macro called sizeof() that can determine the size of certain data types. This works like a function that takes a data type as its input and returns the size of a variable declared with that data type for the target architecture. The datatype_sizes.c program explores the sizes of various data types, using the sizeof() function. datatype_sizes.c #include <stdio.h> int main() { printf(\"The 'int' data type is\\t\\t %d bytes\\n\", sizeof(int)); 42 0x200"
  },
  {
    "index": 13,
    "text": "printf(\"The 'unsigned int' data type is\\t %d bytes\\n\", sizeof(unsigned int)); printf(\"The 'short int' data type is\\t %d bytes\\n\", sizeof(short int)); printf(\"The 'long int' data type is\\t %d bytes\\n\", sizeof(long int)); printf(\"The 'long long int' data type is %d bytes\\n\", sizeof(long long int)); printf(\"The 'float' data type is\\t %d bytes\\n\", sizeof(float)); printf(\"The 'char' data type is\\t\\t %d bytes\\n\", sizeof(char)); This piece of code uses the printf() function in a slightly different way. It uses something called a format specifier to display the value returned from the sizeof() function calls. Format specifiers will be explained in depth later, so for now, let’s just focus on the program’s output. reader@hacking:~/booksrc $ gcc datatype_sizes.c reader@hacking:~/booksrc $ ./a.out The 'int' data type is 4 bytes The 'unsigned int' data type is 4 bytes The 'short int' data type is 2 bytes The 'long int' data type is 4 bytes The 'long long int' data type is 8 bytes The 'float' data type is 4 bytes The 'char' data type is 1 bytes reader@hacking:~/booksrc $ As previously stated, both signed and unsigned integers are four bytes in size on the x86 architecture. A float is also four bytes, while a char only needs a single byte. The long and short keywords can also be used with floating-point variables to extend and shorten their sizes. 0x263 Pointers The EIP register is a pointer that “points” to the current instruction during a program’s execution by containing its memory address. The idea of pointers is used in C, also. Since the physical memory cannot actually be moved, the information in it must be copied. It can be very computationally expensive to copy large chunks of memory to be used by different functions or in different places. This is also expensive from a memory standpoint, since space for the new destination copy must be saved or allocated before the source can be copied. Pointers are a solution to this problem. Instead of copying a large block of memory, it is much simpler to pass around the address of the beginning of that block of memory. Pointers in C can be defined and used like any other variable type. Sincememory on the x86 architecture uses 32-bit addressing, pointers are also 32bits in size (4 bytes). Pointers are defined by prepending an asterisk (*) to the variable name. Instead of defining a variable of that type, a pointer is defined as something that points to data of that type. The pointer.c program is an example of a pointer being used with the char data type, which is only 1byte in size. Programming 43 pointer.c #include <stdio.h> #include <string.h> int main() { char str_a[20]; // A 20-element character array char *pointer; // A pointer, meant for a character array char *pointer2; // And yet another one strcpy(str_a, \"Hello, world!\\n\"); pointer = str_a; // Set the first pointer to the start of the array. printf(pointer); pointer2 = pointer + 2; // Set the second one 2 bytes further in. printf(pointer2); // Print it. strcpy(pointer2, \"y you guys!\\n\"); // Copy into that spot. printf(pointer); // Print again. As the comments in the code indicate, the first pointer is set at the beginning of the character array."
  },
  {
    "index": 14,
    "text": "// A 20-element character array char *pointer; // A pointer, meant for a character array char *pointer2; // And yet another one strcpy(str_a, \"Hello, world!\\n\"); pointer = str_a; // Set the first pointer to the start of the array. printf(pointer); pointer2 = pointer + 2; // Set the second one 2 bytes further in. printf(pointer2); // Print it. strcpy(pointer2, \"y you guys!\\n\"); // Copy into that spot. printf(pointer); // Print again. As the comments in the code indicate, the first pointer is set at the beginning of the character array. When the character array is referenced like this, it is actually a pointer itself. This is how this buffer was passed as a pointer to the printf() and strcpy() functions earlier. The second pointer is set to the first pointer’s address plus two, and then some things are printed (shown in the output below). reader@hacking:~/booksrc $ gcc -o pointer pointer.c reader@hacking:~/booksrc $ ./pointer Hello, world! llo, world! Hey you guys! reader@hacking:~/booksrc $ Let’s take a look at this with GDB. The program is recompiled, and a breakpoint is set on the tenth line of the source code. This will stop the program after the \"Hello, world!\\n\" string has been copied into the str_a buffer and the pointer variable is set to the beginning of it. reader@hacking:~/booksrc $ gcc -g -o pointer pointer.c reader@hacking:~/booksrc $ gdb -q ./pointer Using host libthread_db library \"/lib/tls/i686/cmov/libthread_db.so.1\". (gdb) list 1 #include <stdio.h> 2 #include <string.h> 3 4 int main() { 5 char str_a[20]; // A 20-element character array 6 char *pointer; // A pointer, meant for a character array 44 0x200 7 char *pointer2; // And yet another one 8 9 strcpy(str_a, \"Hello, world!\\n\"); 10 pointer = str_a; // Set the first pointer to the start of the array. (gdb) 11 printf(pointer); 12 13 pointer2 = pointer + 2; // Set the second one 2 bytes further in. 14 printf(pointer2); // Print it. 15 strcpy(pointer2, \"y you guys!\\n\"); // Copy into that spot. 16 printf(pointer); // Print again. 17 } (gdb) break 11 Breakpoint 1 at 0x80483dd: file pointer.c, line 11. (gdb) run Starting program: /home/reader/booksrc/pointer Breakpoint 1, main () at pointer.c:11 11 printf(pointer); (gdb) x/xw pointer 0xbffff7e0: 0x6c6c6548 (gdb) x/s pointer 0xbffff7e0: \"Hello, world!\\n\" (gdb) When the pointer is examined as a string, it’s apparent that the given string is there and is located at memory address 0xbffff7e0. Remember that the string itself isn’t stored in the pointer variable—only the memory address 0xbffff7e0 is stored there. In order to see the actual data stored in the pointer variable, you must use the address-of operator. The address-of operator is a unary operator, which simply means it operates on a single argument. This operator is just an ampersand (&) prepended to a variable name. When it’s used, the address of that variable is returned, instead of the variable itself. This operator exists both in GDB and in the C programming language. (gdb) x/xw &pointer 0xbffff7dc: 0xbffff7e0 (gdb) print &pointer $1 = (char **) 0xbffff7dc (gdb) print pointer $2 = 0xbffff7e0 \"Hello, world!\\n\" (gdb) When the address-of operator is used, the pointer variable is shown to be located at the address 0xbffff7dc in memory, and it contains the address 0xbffff7e0."
  },
  {
    "index": 15,
    "text": "a single argument. This operator is just an ampersand (&) prepended to a variable name. When it’s used, the address of that variable is returned, instead of the variable itself. This operator exists both in GDB and in the C programming language. (gdb) x/xw &pointer 0xbffff7dc: 0xbffff7e0 (gdb) print &pointer $1 = (char **) 0xbffff7dc (gdb) print pointer $2 = 0xbffff7e0 \"Hello, world!\\n\" (gdb) When the address-of operator is used, the pointer variable is shown to be located at the address 0xbffff7dc in memory, and it contains the address 0xbffff7e0. The address-of operator is often used in conjunction with pointers, since pointers contain memory addresses. The addressof.c program demonstrates the address-of operator being used to put the address of an integer variable into a pointer. This line is shown in bold below. Programming 45 addressof.c #include <stdio.h> int main() { int int_var = 5; int *int_ptr; int_ptr = &int_var; // put the address of int_var into int_ptr The program itself doesn’t actually output anything, but you can probably guess what happens, even before debugging with GDB. reader@hacking:~/booksrc $ gcc -g addressof.c reader@hacking:~/booksrc $ gdb -q ./a.out Using host libthread_db library \"/lib/tls/i686/cmov/libthread_db.so.1\". (gdb) list 1 #include <stdio.h> 2 3 int main() { 4 int int_var = 5; 5 int *int_ptr; 6 7 int_ptr = &int_var; // Put the address of int_var into int_ptr. 8 } (gdb) break 8 Breakpoint 1 at 0x8048361: file addressof.c, line 8. (gdb) run Starting program: /home/reader/booksrc/a.out Breakpoint 1, main () at addressof.c:8 8 } (gdb) print int_var $1 = 5 (gdb) print &int_var $2 = (int *) 0xbffff804 (gdb) print int_ptr $3 = (int *) 0xbffff804 (gdb) print &int_ptr $4 = (int **) 0xbffff800 (gdb) As usual, a breakpoint is set and the program is executed in the debugger. At this point the majority of the program has executed. The first print command shows the value of int_var, and the second shows its address using the address-of operator. The next two print commands show that int_ptr contains the address of int_var, and they also show the address of theint_ptr for good measure. 46 0x200 An additional unary operator called the dereference operator exists for use with pointers. This operator will return the data found in the address the pointer is pointing to, instead of the address itself. It takes the form of an asterisk in front of the variable name, similar to the declaration of a pointer. Once again, the dereference operator exists both in GDB and in C. Used in GDB, it can retrieve the integer value int_ptr points to. (gdb) print *int_ptr $5 = 5 A few additions to the addressof.c code (shown in addressof2.c) will demonstrate all of these concepts. The added printf() functions use format parameters, which I’ll explain in the next section. For now, just focus on the program’s output. addressof2.c #include <stdio.h> int main() { int int_var = 5; int *int_ptr; int_ptr = &int_var; // Put the address of int_var into int_ptr. printf(\"int_ptr = 0x%08x\\n\", int_ptr); printf(\"&int_ptr = 0x%08x\\n\", &int_ptr); printf(\"*int_ptr = 0x%08x\\n\\n\", *int_ptr); printf(\"int_var is located at 0x%08x and contains %d\\n\", &int_var, int_var); printf(\"int_ptr is located at 0x%08x, contains 0x%08x, and points to %d\\n\\n\", &int_ptr, int_ptr, *int_ptr); The results of compiling and executing addressof2.c are as follows. reader@hacking:~/booksrc $ gcc addressof2.c reader@hacking:~/booksrc $ ./a.out int_ptr = 0xbffff834 &int_ptr = 0xbffff830 *int_ptr = 0x00000005 int_var is located at 0xbffff834 and contains 5 int_ptr is located at 0xbffff830, contains 0xbffff834, and points to 5 reader@hacking:~/booksrc $ When the unary operators are used with pointers, the address-of operator can be thought of as moving backward, while the dereference operator moves forward in the direction the pointer is pointing. Programming 47"
  },
  {
    "index": 16,
    "text": "0x264 Format Strings The printf() function can be used to print more than just fixed strings. This function can also use format strings to print variables in many different formats. A format string is just a character string with special escape sequences that tell the function to insert variables printed in a specific format in place of the escape sequence. The way the printf() function has been used in the previous programs, the \"Hello, world!\\n\" string technically is the format string; however, it is devoid of special escape sequences. These escape sequences are also called format parameters, and for each one found in the format string, the function is expected to take an additional argument. Each format parameter begins with a percent sign (%) and uses a single-character shorthand very similar to formatting characters used by GDB’s examine command. Parameter Output Type %d Decimal %u Unsigned decimal %x Hexadecimal All of the preceding format parameters receive their data as values, not pointers to values. There are also some format parameters that expect pointers, such as the following. Parameter Output Type %s String %n Number of bytes written so far The %s format parameter expects to be given a memory address; it prints the data at that memory address until a null byte is encountered. The %n format parameter is unique in that it actually writes data. It also expects to be given a memory address, and it writes the number of bytes that have been written so far into that memory address. For now, our focus will just be the format parameters used for displaying data. The fmt_strings.c program shows some examples of different format parameters. fmt_strings.c #include <stdio.h> int main() { char string[10]; int A = -73; unsigned int B = 31337; strcpy(string, \"sample\"); 48 0x200 // Example of printing with different format string printf(\"[A] Dec: %d, Hex: %x, Unsigned: %u\\n\", A, A, A); printf(\"[B] Dec: %d, Hex: %x, Unsigned: %u\\n\", B, B, B); printf(\"[field width on B] 3: '%3u', 10: '%10u', '%08u'\\n\", B, B, B); printf(\"[string] %s Address %08x\\n\", string, string); // Example of unary address operator (dereferencing) and a %x format string printf(\"variable A is at address: %08x\\n\", &A); In the preceding code, additional variable arguments are passed to each printf() call for every format parameter in the format string. The final printf() call uses the argument &A, which will provide the address of the variable A. The program’s compilation and execution are as follows. reader@hacking:~/booksrc $ gcc -o fmt_strings fmt_strings.c reader@hacking:~/booksrc $ ./fmt_strings [A] Dec: -73, Hex: ffffffb7, Unsigned: 4294967223 [B] Dec: 31337, Hex: 7a69, Unsigned: 31337 [field width on B] 3: '31337', 10: ' 31337', '00031337' [string] sample Address bffff870 variable A is at address: bffff86c reader@hacking:~/booksrc $ The first two calls to printf() demonstrate the printing of variables A and B, using different format parameters. Since there are three format parameters in each line, the variables A and B need to be supplied three times each. The %d format parameter allows for negative values, while %u does not, since it is expecting unsigned values. When the variable A is printed using the %u format parameter, it appears as a very high value."
  },
  {
    "index": 17,
    "text": "' 31337', '00031337' [string] sample Address bffff870 variable A is at address: bffff86c reader@hacking:~/booksrc $ The first two calls to printf() demonstrate the printing of variables A and B, using different format parameters. Since there are three format parameters in each line, the variables A and B need to be supplied three times each. The %d format parameter allows for negative values, while %u does not, since it is expecting unsigned values. When the variable A is printed using the %u format parameter, it appears as a very high value. This is because A is a negative number stored in two’s complement, and the format parameter is trying to print it as if it were an unsigned value. Since two’s complement flips all the bits and adds one, the very high bits that used to be zero are now one. The third line in the example, labeled [field width on B], shows the use of the field-width option in a format parameter. This is just an integer that designates the minimum field width for that format parameter. However, this is not a maximum field width—if the value to be outputted is greater than the field width, the field width will be exceeded. This happens when 3 is used, since the output data needs 5 bytes. When 10 is used as the field width, 5 bytes of blank space are outputted before the output data. Additionally, if a field width value begins with a 0, this means the field should be padded with zeros. When 08 is used, for example, the output is 00031337. The fourth line, labeled [string], simply shows the use of the %s format parameter. Remember that the variable string is actually a pointer containing the address of the string, which works out wonderfully, since the %s format parameter expects its data to be passed by reference. Programming 49 The final line just shows the address of the variable A, using the unary address operator to dereference the variable. This value is displayed as eight hexadecimal digits, padded by zeros. As these examples show, you should use %d for decimal, %u for unsigned, and %x for hexadecimal values. Minimum field widths can be set by putting a number right after the percent sign, and if the field width begins with 0, it will be padded with zeros. The %s parameter can be used to print strings and should be passed the address of the string. So far, so good. Format strings are used by an entire family of standard I/O functions, including scanf(), which basically works like printf() but is used for input instead of output. One key difference is that the scanf() function expects all of its arguments to be pointers, so the arguments must actually be variable addresses—not the variables themselves. This can be done using pointer variables or by using the unary address operator to retrieve the address of the normal variables. The input.c program and execution should help explain. input.c #include <stdio.h> #include <string.h> int main() { char message[10]; int count, i; strcpy(message, \"Hello, world!\"); printf(\"Repeat how many times? \"); scanf(\"%d\", &count); for(i=0; i < count; i++) printf(\"%3d - %s\\n\", i, message); In input.c, the scanf() function is used to set the count variable. The output below demonstrates its use. reader@hacking:~/booksrc $ gcc -o input input.c reader@hacking:~/booksrc $ ./input Repeat how many times? 3 0 - Hello, world! 1 - Hello, world! 2 - Hello, world! reader@hacking:~/booksrc $ ./input Repeat how many times? 12 0 - Hello, world! 1 - Hello, world! 2 - Hello, world! 3 - Hello, world! 4 - Hello, world! 5 - Hello, world! 6 - Hello, world! 50 0x200"
  },
  {
    "index": 18,
    "text": "7 - Hello, world! 8 - Hello, world! 9 - Hello, world! 10 - Hello, world! 11 - Hello, world! reader@hacking:~/booksrc $ Format strings are used quite often, so familiarity with them is valuable. In addition, the ability to output the values of variables allows for debugging in the program, without the use of a debugger. Having some form of immediate feedback is fairly vital to the hacker’s learning process, and something as simple as printing the value of a variable can allow for lots of exploitation. 0x265 Typecasting Typecasting is simply a way to temporarily change a variable’s data type, despite how it was originally defined. When a variable is typecast into a different type, the compiler is basically told to treat that variable as if it were the newdata type, but only for that operation. The syntax for typecasting is asfollows: (typecast_data_type) variable This can be used when dealing with integers and floating-point variables, as typecasting.c demonstrates. typecasting.c #include <stdio.h> int main() { int a, b; float c, d; a = 13; b = 5; c = a / b; // Divide using integers. d = (float) a / (float) b; // Divide integers typecast as floats. printf(\"[integers]\\t a = %d\\t b = %d\\n\", a, b); printf(\"[floats]\\t c = %f\\t d = %f\\n\", c, d); The results of compiling and executing typecasting.c are as follows. reader@hacking:~/booksrc $ gcc typecasting.c reader@hacking:~/booksrc $ ./a.out [integers] a = 13 b = 5 [floats] c = 2.000000 d = 2.600000 reader@hacking:~/booksrc $ Programming 51 As discussed earlier, dividing the integer 13 by 5 will round down to the incorrect answer of 2, even if this value is being stored into a floating-point variable. However, if these integer variables are typecast into floats, they will be treated as such. This allows for the correct calculation of 2.6. This example is illustrative, but where typecasting really shines is when it is used with pointer variables. Even though a pointer is just a memory address, the C compiler still demands a data type for every pointer. One reason for this is to try to limit programming errors. An integer pointer should only point to integer data, while a character pointer should only point to character data. Another reason is for pointer arithmetic. An integer is four bytes in size, while a character only takes up a single byte. The pointer_types.c program will demonstrate and explain these concepts further. This code uses the format parameter %p to output memory addresses. This is shorthand meant for displaying pointers and is basically equivalent to 0x%08x. pointer_types.c #include <stdio.h> int main() { int i; char char_array[5] = {'a', 'b', 'c', 'd', 'e'}; int int_array[5] = {1, 2, 3, 4, 5}; char *char_pointer; int *int_pointer; char_pointer = char_array; int_pointer = int_array; for(i=0; i < 5; i++) { // Iterate through the int array with the int_pointer. printf(\"[integer pointer] points to %p, which contains the integer %d\\n\", int_pointer, *int_pointer); int_pointer = int_pointer + 1; for(i=0; i < 5; i++) { // Iterate through the char array with the char_pointer."
  },
  {
    "index": 19,
    "text": "for displaying pointers and is basically equivalent to 0x%08x. pointer_types.c #include <stdio.h> int main() { int i; char char_array[5] = {'a', 'b', 'c', 'd', 'e'}; int int_array[5] = {1, 2, 3, 4, 5}; char *char_pointer; int *int_pointer; char_pointer = char_array; int_pointer = int_array; for(i=0; i < 5; i++) { // Iterate through the int array with the int_pointer. printf(\"[integer pointer] points to %p, which contains the integer %d\\n\", int_pointer, *int_pointer); int_pointer = int_pointer + 1; for(i=0; i < 5; i++) { // Iterate through the char array with the char_pointer. printf(\"[char pointer] points to %p, which contains the char '%c'\\n\", char_pointer, *char_pointer); char_pointer = char_pointer + 1; In this code two arrays are defined in memory—one containing integer data and the other containing character data. Two pointers are also defined, one with the integer data type and one with the character data type, and they are set to point at the start of the corresponding data arrays. Two separate for loops iterate through the arrays using pointer arithmetic to adjust the pointer to point at the next value. In the loops, when the integer and character values 52 0x200 are actually printed with the %d and %c format parameters, notice that the corresponding printf() arguments must dereference the pointer variables. This is done using the unary * operator and has been marked above inbold. reader@hacking:~/booksrc $ gcc pointer_types.c reader@hacking:~/booksrc $ ./a.out [integer pointer] points to 0xbffff7f0, which contains the integer 1 [integer pointer] points to 0xbffff7f4, which contains the integer 2 [integer pointer] points to 0xbffff7f8, which contains the integer 3 [integer pointer] points to 0xbffff7fc, which contains the integer 4 [integer pointer] points to 0xbffff800, which contains the integer 5 [char pointer] points to 0xbffff810, which contains the char 'a' [char pointer] points to 0xbffff811, which contains the char 'b' [char pointer] points to 0xbffff812, which contains the char 'c' [char pointer] points to 0xbffff813, which contains the char 'd' [char pointer] points to 0xbffff814, which contains the char 'e' reader@hacking:~/booksrc $ Even though the same value of 1 is added to int_pointer and char_pointer in their respective loops, the compiler increments the pointer’s addresses by different amounts. Since a char is only 1 byte, the pointer to the next char would naturally also be 1 byte over. But since an integer is 4 bytes, a pointer to the next integer has to be 4 bytes over. In pointer_types2.c, the pointers are juxtaposed such that the int_pointer points to the character data and vice versa. The major changes to the code are marked in bold. pointer_types2.c #include <stdio.h> int main() { int i; char char_array[5] = {'a', 'b', 'c', 'd', 'e'}; int int_array[5] = {1, 2, 3, 4, 5}; char *char_pointer; int *int_pointer; char_pointer = int_array; // The char_pointer and int_pointer now int_pointer = char_array; // point to incompatible data types. for(i=0; i < 5; i++) { // Iterate through the int array with the int_pointer. printf(\"[integer pointer] points to %p, which contains the char '%c'\\n\", int_pointer, *int_pointer); int_pointer = int_pointer + 1; for(i=0; i < 5; i++) { // Iterate through the char array with the char_pointer."
  },
  {
    "index": 20,
    "text": "int main() { int i; char char_array[5] = {'a', 'b', 'c', 'd', 'e'}; int int_array[5] = {1, 2, 3, 4, 5}; char *char_pointer; int *int_pointer; char_pointer = int_array; // The char_pointer and int_pointer now int_pointer = char_array; // point to incompatible data types. for(i=0; i < 5; i++) { // Iterate through the int array with the int_pointer. printf(\"[integer pointer] points to %p, which contains the char '%c'\\n\", int_pointer, *int_pointer); int_pointer = int_pointer + 1; for(i=0; i < 5; i++) { // Iterate through the char array with the char_pointer. Programming 53 printf(\"[char pointer] points to %p, which contains the integer %d\\n\", char_pointer, *char_pointer); char_pointer = char_pointer + 1; The output below shows the warnings spewed forth from the compiler. reader@hacking:~/booksrc $ gcc pointer_types2.c pointer_types2.c: In function `main': pointer_types2.c:12: warning: assignment from incompatible pointer type pointer_types2.c:13: warning: assignment from incompatible pointer type reader@hacking:~/booksrc $ In an attempt to prevent programming mistakes, the compiler gives warnings about pointers that point to incompatible data types. But the compiler and perhaps the programmer are the only ones that care about a pointer’s type. In the compiled code, a pointer is nothing more than a memory address, so the compiler will still compile the code if a pointer points to anincompatible data type—it simply warns the programmer to anticipate unexpected results. reader@hacking:~/booksrc $ ./a.out [integer pointer] points to 0xbffff810, which contains the char 'a' [integer pointer] points to 0xbffff814, which contains the char 'e' [integer pointer] points to 0xbffff818, which contains the char '8' [integer pointer] points to 0xbffff81c, which contains the char ' [integer pointer] points to 0xbffff820, which contains the char '?' [char pointer] points to 0xbffff7f0, which contains the integer 1 [char pointer] points to 0xbffff7f1, which contains the integer 0 [char pointer] points to 0xbffff7f2, which contains the integer 0 [char pointer] points to 0xbffff7f3, which contains the integer 0 [char pointer] points to 0xbffff7f4, which contains the integer 2 reader@hacking:~/booksrc $ Even though the int_pointer points to character data that only contains 5 bytes of data, it is still typed as an integer. This means that adding 1 to the pointer will increment the address by 4 each time. Similarly, the char_pointer’s address is only incremented by 1 each time, stepping through the 20 bytes of integer data (five 4-byte integers), one byte at a time. Once again, the littleendian byte order of the integer data is apparent when the 4-byte integer is examined one byte at a time. The 4-byte value of 0x00000001 is actually stored in memory as 0x01, 0x00, 0x00, 0x00. There will be situations like this in which you are using a pointer that points to data with a conflicting type. Since the pointer type determines the size of the data it points to, it’s important that the type is correct. As you can see in pointer_types3.c below, typecasting is just a way to change the type of a variable on the fly. 54 0x200 pointer_types3.c #include <stdio.h> int main() { int i; char char_array[5] = {'a', 'b', 'c', 'd', 'e'}; int int_array[5] = {1, 2, 3, 4, 5}; char *char_pointer; int *int_pointer; char_pointer = (char *) int_array; // Typecast into the int_pointer = (int *) char_array; // pointer's data type."
  },
  {
    "index": 21,
    "text": "Since the pointer type determines the size of the data it points to, it’s important that the type is correct. As you can see in pointer_types3.c below, typecasting is just a way to change the type of a variable on the fly. 54 0x200 pointer_types3.c #include <stdio.h> int main() { int i; char char_array[5] = {'a', 'b', 'c', 'd', 'e'}; int int_array[5] = {1, 2, 3, 4, 5}; char *char_pointer; int *int_pointer; char_pointer = (char *) int_array; // Typecast into the int_pointer = (int *) char_array; // pointer's data type. for(i=0; i < 5; i++) { // Iterate through the int array with the int_pointer. printf(\"[integer pointer] points to %p, which contains the char '%c'\\n\", int_pointer, *int_pointer); int_pointer = (int *) ((char *) int_pointer + 1); for(i=0; i < 5; i++) { // Iterate through the char array with the char_pointer. printf(\"[char pointer] points to %p, which contains the integer %d\\n\", char_pointer, *char_pointer); char_pointer = (char *) ((int *) char_pointer + 1); In this code, when the pointers are initially set, the data is typecast into the pointer’s data type. This will prevent the C compiler from complaining about the conflicting data types; however, any pointer arithmetic will still be incorrect. To fix that, when 1 is added to the pointers, they must first be typecast into the correct data type so the address is incremented by the correct amount. Then this pointer needs to be typecast back into the pointer’s data type once again. It doesn’t look too pretty, but it works. reader@hacking:~/booksrc $ gcc pointer_types3.c reader@hacking:~/booksrc $ ./a.out [integer pointer] points to 0xbffff810, which contains the char 'a' [integer pointer] points to 0xbffff811, which contains the char 'b' [integer pointer] points to 0xbffff812, which contains the char 'c' [integer pointer] points to 0xbffff813, which contains the char 'd' [integer pointer] points to 0xbffff814, which contains the char 'e' [char pointer] points to 0xbffff7f0, which contains the integer 1 [char pointer] points to 0xbffff7f4, which contains the integer 2 [char pointer] points to 0xbffff7f8, which contains the integer 3 [char pointer] points to 0xbffff7fc, which contains the integer 4 [char pointer] points to 0xbffff800, which contains the integer 5 reader@hacking:~/booksrc $ Programming 55 Naturally, it is far easier just to use the correct data type for pointers inthe first place; however, sometimes a generic, typeless pointer is desired. In C, a void pointer is a typeless pointer, defined by the void keyword. Experimenting with void pointers quickly reveals a few things about typeless pointers. First, pointers cannot be dereferenced unless they have a type. Inorder to retrieve the value stored in the pointer’s memory address, the compiler must first know what type of data it is. Secondly, void pointers must also be typecast before doing pointer arithmetic. These are fairly intuitive limitations, which means that a void pointer’s main purpose is to simply hold a memory address. The pointer_types3.c program can be modified to use a single void pointer by typecasting it to the proper type each time it’s used. The compiler knows that a void pointer is typeless, so any type of pointer can be stored in a void pointer without typecasting. This also means a void pointer must always be typecast when dereferencing it, however."
  },
  {
    "index": 22,
    "text": "void pointers must also be typecast before doing pointer arithmetic. These are fairly intuitive limitations, which means that a void pointer’s main purpose is to simply hold a memory address. The pointer_types3.c program can be modified to use a single void pointer by typecasting it to the proper type each time it’s used. The compiler knows that a void pointer is typeless, so any type of pointer can be stored in a void pointer without typecasting. This also means a void pointer must always be typecast when dereferencing it, however. These differences can be seen in pointer_types4.c, which uses a void pointer. pointer_types4.c #include <stdio.h> int main() { int i; char char_array[5] = {'a', 'b', 'c', 'd', 'e'}; int int_array[5] = {1, 2, 3, 4, 5}; void *void_pointer; void_pointer = (void *) char_array; for(i=0; i < 5; i++) { // Iterate through the int array with the int_pointer. printf(\"[char pointer] points to %p, which contains the char '%c'\\n\", void_pointer, *((char *) void_pointer)); void_pointer = (void *) ((char *) void_pointer + 1); void_pointer = (void *) int_array; for(i=0; i < 5; i++) { // Iterate through the int array with the int_pointer. printf(\"[integer pointer] points to %p, which contains the integer %d\\n\", void_pointer, *((int *) void_pointer)); void_pointer = (void *) ((int *) void_pointer + 1); The results of compiling and executing pointer_types4.c are as follows. 56 0x200 reader@hacking:~/booksrc $ gcc pointer_types4.c reader@hacking:~/booksrc $ ./a.out [char pointer] points to 0xbffff810, which contains the char 'a' [char pointer] points to 0xbffff811, which contains the char 'b' [char pointer] points to 0xbffff812, which contains the char 'c' [char pointer] points to 0xbffff813, which contains the char 'd' [char pointer] points to 0xbffff814, which contains the char 'e' [integer pointer] points to 0xbffff7f0, which contains the integer 1 [integer pointer] points to 0xbffff7f4, which contains the integer 2 [integer pointer] points to 0xbffff7f8, which contains the integer 3 [integer pointer] points to 0xbffff7fc, which contains the integer 4 [integer pointer] points to 0xbffff800, which contains the integer 5 reader@hacking:~/booksrc $ The compilation and output of this pointer_types4.c is basically the same as that for pointer_types3.c. The void pointer is really just holding the memory addresses, while the hard-coded typecasting is telling the compiler to use the proper types whenever the pointer is used. Since the type is taken care of by the typecasts, the void pointer is truly nothing more than a memory address. With the data types defined by typecasting, anything that is big enough to hold a four-byte value can work the same way as a void pointer. In pointer_types5.c, an unsigned integer is used to store this address. pointer_types5.c #include <stdio.h> int main() { int i; char char_array[5] = {'a', 'b', 'c', 'd', 'e'}; int int_array[5] = {1, 2, 3, 4, 5}; unsigned int hacky_nonpointer; hacky_nonpointer = (unsigned int) char_array; for(i=0; i < 5; i++) { // Iterate through the int array with the int_pointer. printf(\"[hacky_nonpointer] points to %p, which contains the char '%c'\\n\", hacky_nonpointer, *((char *) hacky_nonpointer)); hacky_nonpointer = hacky_nonpointer + sizeof(char); hacky_nonpointer = (unsigned int) int_array; for(i=0; i < 5; i++) { // Iterate through the int array with the int_pointer. printf(\"[hacky_nonpointer] points to %p, which contains the integer %d\\n\", hacky_nonpointer, *((int *) hacky_nonpointer)); hacky_nonpointer = hacky_nonpointer + sizeof(int); Programming 57"
  },
  {
    "index": 23,
    "text": "This is rather hacky, but since this integer value is typecast into the proper pointer types when it is assigned and dereferenced, the end result is the same. Notice that instead of typecasting multiple times to do pointer arithmetic on an unsigned integer (which isn’t even a pointer), the sizeof() function is used to achieve the same result using normal arithmetic. reader@hacking:~/booksrc $ gcc pointer_types5.c reader@hacking:~/booksrc $ ./a.out [hacky_nonpointer] points to 0xbffff810, which contains the char 'a' [hacky_nonpointer] points to 0xbffff811, which contains the char 'b' [hacky_nonpointer] points to 0xbffff812, which contains the char 'c' [hacky_nonpointer] points to 0xbffff813, which contains the char 'd' [hacky_nonpointer] points to 0xbffff814, which contains the char 'e' [hacky_nonpointer] points to 0xbffff7f0, which contains the integer 1 [hacky_nonpointer] points to 0xbffff7f4, which contains the integer 2 [hacky_nonpointer] points to 0xbffff7f8, which contains the integer 3 [hacky_nonpointer] points to 0xbffff7fc, which contains the integer 4 [hacky_nonpointer] points to 0xbffff800, which contains the integer 5 reader@hacking:~/booksrc $ The important thing to remember about variables in C is that the compiler is the only thing that cares about a variable’s type. In the end, after the program has been compiled, the variables are nothing more than memory addresses. This means that variables of one type can easily be coerced into behaving like another type by telling the compiler to typecast them into the desired type. 0x266 Command-Line Arguments Many nongraphical programs receive input in the form of command-line arguments. Unlike inputting with scanf(), command-line arguments don’t require user interaction after the program has begun execution. This tends to be more efficient and is a useful input method. In C, command-line arguments can be accessed in the main() function by including two additional arguments to the function: an integer and a pointer to an array of strings. The integer will contain the number of arguments, and the array of strings will contain each of those arguments. The commandline.c program and its execution should explain things. commandline.c #include <stdio.h> int main(int arg_count, char *arg_list[]) { int i; printf(\"There were %d arguments provided:\\n\", arg_count); for(i=0; i < arg_count; i++) printf(\"argument #%d\\t-\\t%s\\n\", i, arg_list[i]); 58 0x200 reader@hacking:~/booksrc $ gcc -o commandline commandline.c reader@hacking:~/booksrc $ ./commandline There were 1 arguments provided: argument #0 - ./commandline reader@hacking:~/booksrc $ ./commandline this is a test There were 5 arguments provided: argument #0 - ./commandline argument #1 - this argument #2 - is argument #3 - a argument #4 - test reader@hacking:~/booksrc $ The zeroth argument is always the name of the executing binary, and the rest of the argument array (often called an argument vector) contains the remaining arguments as strings. Sometimes a program will want to use a command-line argument as an integer as opposed to a string. Regardless of this, the argument is passed in asa string; however, there are standard conversion functions. Unlike simple typecasting, these functions can actually convert character arrays containing numbers into actual integers. The most common of these functions is atoi(), which is short for ASCII to integer. This function accepts a pointer to a string as its argument and returns the integer value it represents. Observe its usage in convert.c."
  },
  {
    "index": 24,
    "text": "arguments as strings. Sometimes a program will want to use a command-line argument as an integer as opposed to a string. Regardless of this, the argument is passed in asa string; however, there are standard conversion functions. Unlike simple typecasting, these functions can actually convert character arrays containing numbers into actual integers. The most common of these functions is atoi(), which is short for ASCII to integer. This function accepts a pointer to a string as its argument and returns the integer value it represents. Observe its usage in convert.c. convert.c #include <stdio.h> void usage(char *program_name) { printf(\"Usage: %s <message> <# of times to repeat>\\n\", program_name); exit(1); int main(int argc, char *argv[]) { int i, count; if(argc < 3) // If fewer than 3 arguments are used, usage(argv[0]); // display usage message and exit. count = atoi(argv[2]); // Convert the 2nd arg into an integer. printf(\"Repeating %d times..\\n\", count); for(i=0; i < count; i++) printf(\"%3d - %s\\n\", i, argv[1]); // Print the 1st arg. The results of compiling and executing convert.c are as follows. reader@hacking:~/booksrc $ gcc convert.c reader@hacking:~/booksrc $ ./a.out Usage: ./a.out <message> <# of times to repeat> Programming 59 reader@hacking:~/booksrc $ ./a.out 'Hello, world!' 3 Repeating 3 times.. 0 - Hello, world! 1 - Hello, world! 2 - Hello, world! reader@hacking:~/booksrc $ In the preceding code, an if statement makes sure that three arguments are used before these strings are accessed. If the program tries to access memory that doesn’t exist or that the program doesn’t have permission to read, the program will crash. In C it’s important to check for these types of conditions and handle them in program logic. If the error-checking if statement is commented out, this memory violation can be explored. The convert2.c program should make this more clear. convert2.c #include <stdio.h> void usage(char *program_name) { printf(\"Usage: %s <message> <# of times to repeat>\\n\", program_name); exit(1); int main(int argc, char *argv[]) { int i, count; // if(argc < 3) // If fewer than 3 arguments are used, // usage(argv[0]); // display usage message and exit. count = atoi(argv[2]); // Convert the 2nd arg into an integer. printf(\"Repeating %d times..\\n\", count); for(i=0; i < count; i++) printf(\"%3d - %s\\n\", i, argv[1]); // Print the 1st arg. The results of compiling and executing convert2.c are as follows. reader@hacking:~/booksrc $ gcc convert2.c reader@hacking:~/booksrc $ ./a.out test Segmentation fault (core dumped) reader@hacking:~/booksrc $ When the program isn’t given enough command-line arguments, it still tries to access elements of the argument array, even though they don’t exist. This results in the program crashing due to a segmentation fault. Memory is split into segments (which will be discussed later), and some memory addresses aren’t within the boundaries of the memory segments the program is given access to. When the program attempts to access an address that is out of bounds, it will crash and die in what’s called a segmentation fault. This effect can be explored further with GDB. 60 0x200 reader@hacking:~/booksrc $ gcc -g convert2.c reader@hacking:~/booksrc $ gdb -q ./a.out Using host libthread_db library \"/lib/tls/i686/cmov/libthread_db.so.1\". (gdb) run test Starting program: /home/reader/booksrc/a.out test Program received signal SIGSEGV, Segmentation fault. 0xb7ec819b in ?? () from /lib/tls/i686/cmov/libc.so.6 (gdb) where #0 0xb7ec819b in ?? () from /lib/tls/i686/cmov/libc.so.6 #1 0xb800183c in ??"
  },
  {
    "index": 25,
    "text": "the memory segments the program is given access to. When the program attempts to access an address that is out of bounds, it will crash and die in what’s called a segmentation fault. This effect can be explored further with GDB. 60 0x200 reader@hacking:~/booksrc $ gcc -g convert2.c reader@hacking:~/booksrc $ gdb -q ./a.out Using host libthread_db library \"/lib/tls/i686/cmov/libthread_db.so.1\". (gdb) run test Starting program: /home/reader/booksrc/a.out test Program received signal SIGSEGV, Segmentation fault. 0xb7ec819b in ?? () from /lib/tls/i686/cmov/libc.so.6 (gdb) where #0 0xb7ec819b in ?? () from /lib/tls/i686/cmov/libc.so.6 #1 0xb800183c in ?? () #2 0x00000000 in ?? () (gdb) break main Breakpoint 1 at 0x8048419: file convert2.c, line 14. (gdb) run test The program being debugged has been started already. Start it from the beginning? (y or n) y Starting program: /home/reader/booksrc/a.out test Breakpoint 1, main (argc=2, argv=0xbffff894) at convert2.c:14 14 count = atoi(argv[2]); // convert the 2nd arg into an integer (gdb) cont Continuing. Program received signal SIGSEGV, Segmentation fault. 0xb7ec819b in ?? () from /lib/tls/i686/cmov/libc.so.6 (gdb) x/3xw 0xbffff894 0xbffff894: 0xbffff9b3 0xbffff9ce 0x00000000 (gdb) x/s 0xbffff9b3 0xbffff9b3: \"/home/reader/booksrc/a.out\" (gdb) x/s 0xbffff9ce 0xbffff9ce: \"test\" (gdb) x/s 0x00000000 0x0: <Address 0x0 out of bounds> (gdb) quit The program is running. Exit anyway? (y or n) y reader@hacking:~/booksrc $ The program is executed with a single command-line argument of test within GDB, which causes the program to crash. The where command will sometimes show a useful backtrace of the stack; however, in this case, the stack was too badly mangled in the crash. A breakpoint is set on main and the program is re-executed to get the value of the argument vector (shown in bold). Since the argument vector is a pointer to list of strings, it is actually a pointer to a list of pointers. Using the command x/3xw to examine the first three memory addresses stored at the argument vector’s address shows that they are themselves pointers to strings. The first one is the zeroth argument, the second is the test argument, and the third is zero, which is out of bounds. When the program tries to access this memory address, it crashes with a segmentation fault. Programming 61"
  },
  {
    "index": 26,
    "text": "0x267 Variable Scoping Another interesting concept regarding memory in C is variable scoping or context—in particular, the contexts of variables within functions. Each function has its own set of local variables, which are independent of everything else. In fact, multiple calls to the same function all have their own contexts. You can use the printf() function with format strings to quickly explore this; check it out in scope.c. scope.c #include <stdio.h> void func3() { int i = 11; printf(\"\\t\\t\\t[in func3] i = %d\\n\", i); void func2() { int i = 7; printf(\"\\t\\t[in func2] i = %d\\n\", i); func3(); printf(\"\\t\\t[back in func2] i = %d\\n\", i); void func1() { int i = 5; printf(\"\\t[in func1] i = %d\\n\", i); func2(); printf(\"\\t[back in func1] i = %d\\n\", i); int main() { int i = 3; printf(\"[in main] i = %d\\n\", i); func1(); printf(\"[back in main] i = %d\\n\", i); The output of this simple program demonstrates nested function calls. reader@hacking:~/booksrc $ gcc scope.c reader@hacking:~/booksrc $ ./a.out [in main] i = 3 [in func1] i = 5 [in func2] i = 7 [in func3] i = 11 [back in func2] i = 7 [back in func1] i = 5 [back in main] i = 3 reader@hacking:~/booksrc $ 62 0x200 In each function, the variable i is set to a different value and printed. Notice that within the main() function, the variable i is 3, even after calling func1() where the variable i is 5. Similarly, within func1() the variable i remains 5, even after calling func2() where i is 7, and so forth. The best way to think of this is that each function call has its own version of the variable i. Variables can also have a global scope, which means they will persist across all functions. Variables are global if they are defined at the beginning of the code, outside of any functions. In the scope2.c example code shown below, the variable j is declared globally and set to 42. This variable can be read from and written to by any function, and the changes to it will persist between functions. scope2.c #include <stdio.h> int j = 42; // j is a global variable. void func3() { int i = 11, j = 999; // Here, j is a local variable of func3(). printf(\"\\t\\t\\t[in func3] i = %d, j = %d\\n\", i, j); void func2() { int i = 7; printf(\"\\t\\t[in func2] i = %d, j = %d\\n\", i, j); printf(\"\\t\\t[in func2] setting j = 1337\\n\"); j = 1337; // Writing to j func3(); printf(\"\\t\\t[back in func2] i = %d, j = %d\\n\", i, j); void func1() { int i = 5; printf(\"\\t[in func1] i = %d, j = %d\\n\", i, j); func2(); printf(\"\\t[back in func1] i = %d, j = %d\\n\", i, j); int main() { int i = 3; printf(\"[in main] i = %d, j = %d\\n\", i, j); func1(); printf(\"[back in main] i = %d, j = %d\\n\", i, j); The results of compiling and executing scope2.c are as follows."
  }
]
[END_CHUNKS]
Reply with the index only: